Jan 11 03:28:42 Bhagyeshs-Laptop com.apple.dt.xcodebuild[59034] <Error>: Unable to deliver request ({
	    "developer_dir" = "/Applications/Xcode.app/Contents/Developer";
	    request = "set_developer_dir";
	}) because we are not connected to CoreSimulatorService.
Jan 11 03:28:42 Bhagyeshs-Laptop com.apple.dt.xcodebuild[59034] <Warning>: Unable to discover any Simulator runtimes. Developer Directory is /Applications/Xcode.app/Contents/Developer.
Jan 11 03:28:42 Bhagyeshs-Laptop com.apple.dt.xcodebuild[59034] <Error>: Could not kickstart simdiskimaged; SimDiskImageManager services will not be available: Error Domain=NSPOSIXErrorDomain Code=53 "Software caused connection abort" UserInfo={NSLocalizedDescription=Error returned in reply from CoreSimulatorService: Connection invalid}
Jan 11 03:28:42 Bhagyeshs-Laptop com.apple.dt.xcodebuild[59034] <Error>: simdiskimaged returned error (invalid), marking disconnected.
Jan 11 03:28:42 Bhagyeshs-Laptop com.apple.dt.xcodebuild[59034] <Error>: simdiskimaged returned error (invalid), marking disconnected.
Jan 11 03:28:42 Bhagyeshs-Laptop com.apple.dt.xcodebuild[59034] <Error>: Could not get list of trusted mount directories: Error Domain=com.apple.CoreSimulator.SimError Code=410 "The service used to manage runtime disk images (simdiskimaged) crashed or is not responding" UserInfo={NSLocalizedDescription=The service used to manage runtime disk images (simdiskimaged) crashed or is not responding}
Jan 11 03:28:42 Bhagyeshs-Laptop com.apple.dt.xcodebuild[59034] <Error>: Unable to deliver request ({
	    request = "notification_subscription";
	    "set_path" = "/Users/bhagyeshsagole/Library/Developer/CoreSimulator/Devices";
	}) because we are not connected to CoreSimulatorService.
Jan 11 03:28:42 Bhagyeshs-Laptop com.apple.dt.xcodebuild[59034] <Error>: Unable to deliver request ({
	    request = "notification_subscription";
	    "set_path" = "/Users/bhagyeshsagole/Library/Developer/CoreSimulator/Devices";
	}) because we are not connected to CoreSimulatorService.
Jan 11 03:28:58 Bhagyeshs-Laptop com.apple.dt.xcodebuild[59116] <Error>: Unable to deliver request ({
	    "developer_dir" = "/Applications/Xcode.app/Contents/Developer";
	    request = "set_developer_dir";
	}) because we are not connected to CoreSimulatorService.
Jan 11 03:28:58 Bhagyeshs-Laptop com.apple.dt.xcodebuild[59116] <Warning>: Unable to discover any Simulator runtimes. Developer Directory is /Applications/Xcode.app/Contents/Developer.
Jan 11 03:28:58 Bhagyeshs-Laptop com.apple.dt.xcodebuild[59116] <Error>: Could not kickstart simdiskimaged; SimDiskImageManager services will not be available: Error Domain=NSPOSIXErrorDomain Code=53 "Software caused connection abort" UserInfo={NSLocalizedDescription=Error returned in reply from CoreSimulatorService: Connection invalid}
Jan 11 03:28:58 Bhagyeshs-Laptop com.apple.dt.xcodebuild[59116] <Error>: Unable to deliver request ({
	    request = "notification_subscription";
	    "set_path" = "/Users/bhagyeshsagole/Library/Developer/CoreSimulator/Devices";
	}) because we are not connected to CoreSimulatorService.
Jan 11 03:28:58 Bhagyeshs-Laptop com.apple.dt.xcodebuild[59116] <Error>: simdiskimaged returned error (invalid), marking disconnected.
Jan 11 03:28:58 Bhagyeshs-Laptop com.apple.dt.xcodebuild[59116] <Error>: Could not get list of trusted mount directories: Error Domain=com.apple.CoreSimulator.SimError Code=410 "The service used to manage runtime disk images (simdiskimaged) crashed or is not responding" UserInfo={NSLocalizedDescription=The service used to manage runtime disk images (simdiskimaged) crashed or is not responding}
Jan 11 03:28:58 Bhagyeshs-Laptop com.apple.dt.xcodebuild[59116] <Error>: simdiskimaged returned error (invalid), marking disconnected.
Jan 11 03:28:58 Bhagyeshs-Laptop com.apple.dt.xcodebuild[59116] <Error>: Unable to deliver request ({
	    request = "notification_subscription";
	    "set_path" = "/Users/bhagyeshsagole/Library/Developer/CoreSimulator/Devices";
	}) because we are not connected to CoreSimulatorService.
Jan 11 03:41:42 Bhagyeshs-Laptop com.apple.dt.xcodebuild[60685] <Error>: Unable to deliver request ({
	    "developer_dir" = "/Applications/Xcode.app/Contents/Developer";
	    request = "set_developer_dir";
	}) because we are not connected to CoreSimulatorService.
Jan 11 03:41:42 Bhagyeshs-Laptop com.apple.dt.xcodebuild[60685] <Warning>: Unable to discover any Simulator runtimes. Developer Directory is /Applications/Xcode.app/Contents/Developer.
Jan 11 03:41:42 Bhagyeshs-Laptop com.apple.dt.xcodebuild[60685] <Error>: simdiskimaged returned error (invalid), marking disconnected.
Jan 11 03:41:42 Bhagyeshs-Laptop com.apple.dt.xcodebuild[60685] <Error>: Could not kickstart simdiskimaged; SimDiskImageManager services will not be available: Error Domain=NSPOSIXErrorDomain Code=53 "Software caused connection abort" UserInfo={NSLocalizedDescription=Error returned in reply from CoreSimulatorService: Connection invalid}
Jan 11 03:41:42 Bhagyeshs-Laptop com.apple.dt.xcodebuild[60685] <Error>: simdiskimaged returned error (invalid), marking disconnected.
Jan 11 03:41:42 Bhagyeshs-Laptop com.apple.dt.xcodebuild[60685] <Error>: Unable to deliver request ({
	    request = "notification_subscription";
	    "set_path" = "/Users/bhagyeshsagole/Library/Developer/CoreSimulator/Devices";
	}) because we are not connected to CoreSimulatorService.
Jan 11 03:41:42 Bhagyeshs-Laptop com.apple.dt.xcodebuild[60685] <Error>: Could not get list of trusted mount directories: Error Domain=com.apple.CoreSimulator.SimError Code=410 "The service used to manage runtime disk images (simdiskimaged) crashed or is not responding" UserInfo={NSLocalizedDescription=The service used to manage runtime disk images (simdiskimaged) crashed or is not responding}
Jan 11 03:41:42 Bhagyeshs-Laptop com.apple.dt.xcodebuild[60685] <Error>: Unable to deliver request ({
	    request = "notification_subscription";
	    "set_path" = "/Users/bhagyeshsagole/Library/Developer/CoreSimulator/Devices";
	}) because we are not connected to CoreSimulatorService.
